Traceback (most recent call last):
  File "C:\Projects\isekai-gm-mvp\scripts\organic_longrun.py", line 581, in <module>
    raise SystemExit(main())
                     ~~~~^^
  File "C:\Projects\isekai-gm-mvp\scripts\organic_longrun.py", line 567, in main
    summary = run_long_campaign(
        args.turns,
    ...<5 lines>...
        resume_slot_id=args.slot_id,
    )
  File "C:\Projects\isekai-gm-mvp\scripts\organic_longrun.py", line 475, in run_long_campaign
    mode, text = choose_turn_action(
                 ~~~~~~~~~~~~~~~~~~^
        campaign=campaign,
        ^^^^^^^^^^^^^^^^^^
    ...<4 lines>...
        rng=rng,
        ^^^^^^^^
    )
    ^
  File "C:\Projects\isekai-gm-mvp\scripts\organic_longrun.py", line 306, in choose_turn_action
    flags = state_flags(campaign, sheet, slot_id)
  File "C:\Projects\isekai-gm-mvp\scripts\organic_longrun.py", line 260, in state_flags
    "skills": active_skill_names(sheet),
              ~~~~~~~~~~~~~~~~~~^^^^^^^
  File "C:\Projects\isekai-gm-mvp\scripts\organic_longrun.py", line 240, in active_skill_names
    skills = (((sheet.get("sheet") or {}).get("skills")) or {}).get("entries") or []
             ^^^^^^^^^^^^^^^^^^^^^^^^^^^^^^^^^^^^^^^^^^^^^^^^^^^^^^
AttributeError: 'list' object has no attribute 'get'
